{
  "RSpec": {
    "coverage": {
      "/home/honorable-format-3c54/tic-tac-toe-rb-ruby-intro-000/lib/tic_tac_toe.rb": [
        null,
        null,
        null,
        1,
        30,
        30,
        30,
        30,
        30,
        null,
        null,
        null,
        1,
        47548,
        null,
        null,
        null,
        1,
        29,
        null,
        null,
        null,
        1,
        47550,
        null,
        null,
        null,
        1,
        47548,
        null,
        null,
        1,
        null,
        45,
        null,
        45,
        405,
        71,
        null,
        null,
        45,
        null,
        null,
        null,
        1,
        null,
        26,
        null,
        26,
        8,
        18,
        18,
        null,
        null,
        26,
        null,
        null,
        null,
        1,
        47555,
        47549,
        47545,
        47545,
        25,
        25,
        null,
        47520,
        null,
        null,
        null,
        null,
        null,
        null,
        1,
        12,
        null,
        12,
        35,
        23,
        null,
        null,
        null
      ]
    },
    "timestamp": 1613507475
  }
}
